Build started 2016-03-17 14:36:31.
     1>Project "C:\Documents and Settings\student\Pulpit\h\hermit\hermit\hermit.vcxproj" on node 2 (build target(s)).
     1>InitializeBuildStatus:
         Creating "Debug\hermit.unsuccessfulbuild" because "AlwaysCreate" was specified.
       ClCompile:
         c:\Program Files\Microsoft Visual Studio 10.0\VC\bin\CL.exe /c /ZI /nologo /W3 /WX- /Od /Oy- /D _MBCS /Gm /EHsc /RTC1 /MDd /GS /fp:precise /Zc:wchar_t /Zc:forScope /Fo"Debug\\" /Fd"Debug\vc100.pdb" /Gd /TP /analyze- /errorReport:prompt aa.cpp
         aa.cpp
     1>c:\documents and settings\student\pulpit\h\hermit\hermit\aa.cpp(34): warning C4244: 'initializing' : conversion from 'double' to 'unsigned int', possible loss of data
       Link:
         c:\Program Files\Microsoft Visual Studio 10.0\VC\bin\link.exe /ERRORREPORT:PROMPT /OUT:"C:\Documents and Settings\student\Pulpit\h\hermit\Debug\hermit.exe" /NOLOGO kernel32.lib user32.lib gdi32.lib winspool.lib comdlg32.lib advapi32.lib shell32.lib ole32.lib oleaut32.lib uuid.lib odbc32.lib odbccp32.lib /MANIFEST /ManifestFile:"Debug\hermit.exe.intermediate.manifest" /MANIFESTUAC:"level='asInvoker' uiAccess='false'" /DEBUG /PDB:"C:\Documents and Settings\student\Pulpit\h\hermit\Debug\hermit.pdb" /TLBID:1 /DYNAMICBASE /NXCOMPAT /IMPLIB:"C:\Documents and Settings\student\Pulpit\h\hermit\Debug\hermit.lib" /MACHINE:X86 Debug\aa.obj
         LINK : C:\Documents and Settings\student\Pulpit\h\hermit\Debug\hermit.exe not found or not built by the last incremental link; performing full link
         hermit.vcxproj -> C:\Documents and Settings\student\Pulpit\h\hermit\Debug\hermit.exe
       Manifest:
         c:\Program Files\Microsoft SDKs\Windows\v7.0A\bin\mt.exe /nologo /verbose /outputresource:"C:\Documents and Settings\student\Pulpit\h\hermit\Debug\hermit.exe;#1" /manifest Debug\hermit.exe.intermediate.manifest
       FinalizeBuildStatus:
         Deleting file "Debug\hermit.unsuccessfulbuild".
         Touching "Debug\hermit.lastbuildstate".
     1>Done Building Project "C:\Documents and Settings\student\Pulpit\h\hermit\hermit\hermit.vcxproj" (build target(s)).

Build succeeded.

Time Elapsed 00:00:01.25
