Build started 2016-04-04 22:45:56.
     1>Project "E:\Sylwia\gg\gg\gg.vcxproj" on node 2 (build target(s)).
     1>InitializeBuildStatus:
         Creating "Debug\gg.unsuccessfulbuild" because "AlwaysCreate" was specified.
       ClCompile:
         c:\Program Files\Microsoft Visual Studio 10.0\VC\bin\CL.exe /c /ZI /nologo /W3 /WX- /Od /Oy- /D _MBCS /Gm /EHsc /RTC1 /MDd /GS /fp:precise /Zc:wchar_t /Zc:forScope /Fo"Debug\\" /Fd"Debug\vc100.pdb" /Gd /TP /analyze- /errorReport:prompt aa.cpp
         aa.cpp
     1>e:\sylwia\gg\gg\aa.cpp(15): warning C4101: 'a1' : unreferenced local variable
     1>e:\sylwia\gg\gg\aa.cpp(15): warning C4101: 'a0' : unreferenced local variable
       Link:
         c:\Program Files\Microsoft Visual Studio 10.0\VC\bin\link.exe /ERRORREPORT:PROMPT /OUT:"E:\Sylwia\gg\Debug\gg.exe" /NOLOGO kernel32.lib user32.lib gdi32.lib winspool.lib comdlg32.lib advapi32.lib shell32.lib ole32.lib oleaut32.lib uuid.lib odbc32.lib odbccp32.lib /MANIFEST /ManifestFile:"Debug\gg.exe.intermediate.manifest" /MANIFESTUAC:"level='asInvoker' uiAccess='false'" /DEBUG /PDB:"E:\Sylwia\gg\Debug\gg.pdb" /TLBID:1 /DYNAMICBASE /NXCOMPAT /IMPLIB:"E:\Sylwia\gg\Debug\gg.lib" /MACHINE:X86 Debug\aa.obj
         LINK : E:\Sylwia\gg\Debug\gg.exe not found or not built by the last incremental link; performing full link
         gg.vcxproj -> E:\Sylwia\gg\Debug\gg.exe
       Manifest:
         c:\Program Files\Microsoft SDKs\Windows\v7.0A\bin\mt.exe /nologo /verbose /outputresource:"E:\Sylwia\gg\Debug\gg.exe;#1" /manifest Debug\gg.exe.intermediate.manifest
       FinalizeBuildStatus:
         Deleting file "Debug\gg.unsuccessfulbuild".
         Touching "Debug\gg.lastbuildstate".
     1>Done Building Project "E:\Sylwia\gg\gg\gg.vcxproj" (build target(s)).

Build succeeded.

Time Elapsed 00:00:07.15
